<?xml version="1.0" encoding="UTF-8"?>
<!-- Generated by org.testng.reporters.JUnitReportReporter -->
<testsuite skipped="0" hostname="mokshagnya" name="com.prameters.ParameterTest" tests="2" failures="0" timestamp="07 Mar 2019 04:28:08 GMT" time="121.416" errors="0">
  <testcase name="username" time="62.792" classname="com.prameters.ParameterTest"/>
  <testcase name="username" time="58.624" classname="com.prameters.ParameterTest"/>
</testsuite> <!-- com.prameters.ParameterTest -->
