<?xml version="1.0" encoding="UTF-8"?>
<!-- Generated by org.testng.reporters.JUnitReportReporter -->
<testsuite skipped="0" hostname="mokshagnya" name="softwaretestingmaterial.TestCase1" tests="1" failures="0" timestamp="06 Mar 2019 15:30:26 GMT" time="0.010" errors="0">
  <testcase name="loginTest" time="0.010" classname="softwaretestingmaterial.TestCase1"/>
</testsuite> <!-- softwaretestingmaterial.TestCase1 -->
