<?xml version="1.0" encoding="UTF-8"?>
<!-- Generated by org.testng.reporters.JUnitReportReporter -->
<testsuite skipped="0" hostname="mokshagnya" name="softwaretestingmaterial.TestCase2" tests="1" failures="0" timestamp="06 Mar 2019 15:43:08 GMT" time="0.014" errors="0">
  <testcase name="composeMail" time="0.014" classname="softwaretestingmaterial.TestCase2"/>
</testsuite> <!-- softwaretestingmaterial.TestCase2 -->
